::1 - - [31/Mar/2023:16:13:22 +0000] "GET /api/users/register HTTP/1.1" 401 252 "-" "Mozilla/5.0 (Macintosh; Intel Mac OS X 10_15_7) AppleWebKit/605.1.15 (KHTML, like Gecko) Version/16.3 Safari/605.1.15"
::1 - - [31/Mar/2023:16:13:22 +0000] "GET /favicon.ico HTTP/1.1" 404 150 "http://localhost:8000/api/users/register" "Mozilla/5.0 (Macintosh; Intel Mac OS X 10_15_7) AppleWebKit/605.1.15 (KHTML, like Gecko) Version/16.3 Safari/605.1.15"
::1 - - [31/Mar/2023:16:14:40 +0000] "GET /api/users/register HTTP/1.1" 401 252 "-" "Mozilla/5.0 (Macintosh; Intel Mac OS X 10_15_7) AppleWebKit/605.1.15 (KHTML, like Gecko) Version/16.3 Safari/605.1.15"
::1 - - [31/Mar/2023:16:18:10 +0000] "POST /api/users/register HTTP/1.1" 200 440 "http://localhost:3000/" "Mozilla/5.0 (Macintosh; Intel Mac OS X 10_15_7) AppleWebKit/605.1.15 (KHTML, like Gecko) Version/16.3 Safari/605.1.15"
::1 - - [31/Mar/2023:16:18:10 +0000] "POST /api/users/register HTTP/1.1" 500 386 "http://localhost:3000/" "Mozilla/5.0 (Macintosh; Intel Mac OS X 10_15_7) AppleWebKit/605.1.15 (KHTML, like Gecko) Version/16.3 Safari/605.1.15"
::1 - - [31/Mar/2023:16:19:31 +0000] "POST /api/users/register HTTP/1.1" 500 386 "http://localhost:3000/" "Mozilla/5.0 (Macintosh; Intel Mac OS X 10_15_7) AppleWebKit/605.1.15 (KHTML, like Gecko) Version/16.3 Safari/605.1.15"
::1 - - [31/Mar/2023:16:19:49 +0000] "POST /api/users/register HTTP/1.1" 500 386 "http://localhost:3000/" "Mozilla/5.0 (Macintosh; Intel Mac OS X 10_15_7) AppleWebKit/605.1.15 (KHTML, like Gecko) Version/16.3 Safari/605.1.15"
::1 - - [31/Mar/2023:16:22:14 +0000] "POST /api/users/register HTTP/1.1" 500 386 "http://localhost:3000/" "Mozilla/5.0 (Macintosh; Intel Mac OS X 10_15_7) AppleWebKit/605.1.15 (KHTML, like Gecko) Version/16.3 Safari/605.1.15"
::1 - - [31/Mar/2023:16:22:53 +0000] "POST /api/users/register HTTP/1.1" 500 386 "http://localhost:3000/" "Mozilla/5.0 (Macintosh; Intel Mac OS X 10_15_7) AppleWebKit/605.1.15 (KHTML, like Gecko) Version/16.3 Safari/605.1.15"
::1 - - [31/Mar/2023:16:22:54 +0000] "POST /api/users/register HTTP/1.1" 500 386 "http://localhost:3000/" "Mozilla/5.0 (Macintosh; Intel Mac OS X 10_15_7) AppleWebKit/605.1.15 (KHTML, like Gecko) Version/16.3 Safari/605.1.15"
::1 - - [31/Mar/2023:16:23:26 +0000] "POST /api/users/register HTTP/1.1" 500 386 "http://localhost:3000/" "Mozilla/5.0 (Macintosh; Intel Mac OS X 10_15_7) AppleWebKit/605.1.15 (KHTML, like Gecko) Version/16.3 Safari/605.1.15"
::1 - - [31/Mar/2023:16:24:33 +0000] "POST /api/users/register HTTP/1.1" 500 386 "http://localhost:3000/" "Mozilla/5.0 (Macintosh; Intel Mac OS X 10_15_7) AppleWebKit/605.1.15 (KHTML, like Gecko) Version/16.3 Safari/605.1.15"
::1 - - [31/Mar/2023:16:25:19 +0000] "POST /api/users/register HTTP/1.1" 500 386 "http://localhost:3000/" "Mozilla/5.0 (Macintosh; Intel Mac OS X 10_15_7) AppleWebKit/605.1.15 (KHTML, like Gecko) Version/16.3 Safari/605.1.15"
::1 - - [31/Mar/2023:16:25:19 +0000] "POST /api/users/register HTTP/1.1" 500 386 "http://localhost:3000/" "Mozilla/5.0 (Macintosh; Intel Mac OS X 10_15_7) AppleWebKit/605.1.15 (KHTML, like Gecko) Version/16.3 Safari/605.1.15"
::1 - - [31/Mar/2023:16:25:38 +0000] "POST /api/users/register HTTP/1.1" 500 376 "-" "PostmanRuntime/7.31.3"
::1 - - [31/Mar/2023:16:30:41 +0000] "POST /api/users/register HTTP/1.1" 500 386 "http://localhost:3000/" "Mozilla/5.0 (Macintosh; Intel Mac OS X 10_15_7) AppleWebKit/605.1.15 (KHTML, like Gecko) Version/16.3 Safari/605.1.15"
::1 - - [31/Mar/2023:16:30:50 +0000] "POST /api/users/register HTTP/1.1" 500 386 "http://localhost:3000/" "Mozilla/5.0 (Macintosh; Intel Mac OS X 10_15_7) AppleWebKit/605.1.15 (KHTML, like Gecko) Version/16.3 Safari/605.1.15"
::1 - - [31/Mar/2023:16:30:50 +0000] "POST /api/users/register HTTP/1.1" 500 386 "http://localhost:3000/" "Mozilla/5.0 (Macintosh; Intel Mac OS X 10_15_7) AppleWebKit/605.1.15 (KHTML, like Gecko) Version/16.3 Safari/605.1.15"
::1 - - [31/Mar/2023:16:31:09 +0000] "POST /api/users/register HTTP/1.1" 500 386 "http://localhost:3000/" "Mozilla/5.0 (Macintosh; Intel Mac OS X 10_15_7) AppleWebKit/605.1.15 (KHTML, like Gecko) Version/16.3 Safari/605.1.15"
::1 - - [31/Mar/2023:16:31:33 +0000] "POST /api/users/register HTTP/1.1" 500 386 "http://localhost:3000/" "Mozilla/5.0 (Macintosh; Intel Mac OS X 10_15_7) AppleWebKit/605.1.15 (KHTML, like Gecko) Version/16.3 Safari/605.1.15"
::1 - - [31/Mar/2023:16:35:32 +0000] "POST /api/users/login HTTP/1.1" 401 117 "http://localhost:3000/" "Mozilla/5.0 (Macintosh; Intel Mac OS X 10_15_7) AppleWebKit/605.1.15 (KHTML, like Gecko) Version/16.3 Safari/605.1.15"
::1 - - [31/Mar/2023:16:36:03 +0000] "POST /api/users/login HTTP/1.1" 401 117 "http://localhost:3000/" "Mozilla/5.0 (Macintosh; Intel Mac OS X 10_15_7) AppleWebKit/605.1.15 (KHTML, like Gecko) Version/16.3 Safari/605.1.15"
::1 - - [31/Mar/2023:16:36:41 +0000] "POST /api/users/login HTTP/1.1" 401 117 "http://localhost:3000/" "Mozilla/5.0 (Macintosh; Intel Mac OS X 10_15_7) AppleWebKit/605.1.15 (KHTML, like Gecko) Version/16.3 Safari/605.1.15"
::1 - - [31/Mar/2023:16:38:55 +0000] "POST /api/users/register HTTP/1.1" 200 436 "http://localhost:3000/" "Mozilla/5.0 (Macintosh; Intel Mac OS X 10_15_7) AppleWebKit/605.1.15 (KHTML, like Gecko) Version/16.3 Safari/605.1.15"
::1 - - [31/Mar/2023:16:39:14 +0000] "POST /api/users/login HTTP/1.1" 401 117 "http://localhost:3000/" "Mozilla/5.0 (Macintosh; Intel Mac OS X 10_15_7) AppleWebKit/605.1.15 (KHTML, like Gecko) Version/16.3 Safari/605.1.15"
::1 - - [31/Mar/2023:16:39:38 +0000] "POST /api/users/login HTTP/1.1" 401 117 "http://localhost:3000/" "Mozilla/5.0 (Macintosh; Intel Mac OS X 10_15_7) AppleWebKit/605.1.15 (KHTML, like Gecko) Version/16.3 Safari/605.1.15"
::1 - - [31/Mar/2023:16:40:31 +0000] "POST /api/users/login HTTP/1.1" 401 117 "http://localhost:3000/" "Mozilla/5.0 (Macintosh; Intel Mac OS X 10_15_7) AppleWebKit/605.1.15 (KHTML, like Gecko) Version/16.3 Safari/605.1.15"
::1 - - [31/Mar/2023:16:41:03 +0000] "POST /api/users/register HTTP/1.1" 200 438 "http://localhost:3000/" "Mozilla/5.0 (Macintosh; Intel Mac OS X 10_15_7) AppleWebKit/605.1.15 (KHTML, like Gecko) Version/16.3 Safari/605.1.15"
::1 - - [31/Mar/2023:16:41:22 +0000] "POST /api/users/login HTTP/1.1" 200 438 "http://localhost:3000/" "Mozilla/5.0 (Macintosh; Intel Mac OS X 10_15_7) AppleWebKit/605.1.15 (KHTML, like Gecko) Version/16.3 Safari/605.1.15"
::1 - - [31/Mar/2023:16:41:36 +0000] "POST /api/users/login HTTP/1.1" 200 438 "http://localhost:3000/" "Mozilla/5.0 (Macintosh; Intel Mac OS X 10_15_7) AppleWebKit/605.1.15 (KHTML, like Gecko) Version/16.3 Safari/605.1.15"
::1 - - [31/Mar/2023:16:41:50 +0000] "POST /api/users/login HTTP/1.1" 200 438 "http://localhost:3000/" "Mozilla/5.0 (Macintosh; Intel Mac OS X 10_15_7) AppleWebKit/605.1.15 (KHTML, like Gecko) Version/16.3 Safari/605.1.15"
::1 - - [31/Mar/2023:16:41:51 +0000] "POST /api/users/login HTTP/1.1" 200 438 "http://localhost:3000/" "Mozilla/5.0 (Macintosh; Intel Mac OS X 10_15_7) AppleWebKit/605.1.15 (KHTML, like Gecko) Version/16.3 Safari/605.1.15"
::1 - - [31/Mar/2023:16:41:52 +0000] "POST /api/users/login HTTP/1.1" 200 438 "http://localhost:3000/" "Mozilla/5.0 (Macintosh; Intel Mac OS X 10_15_7) AppleWebKit/605.1.15 (KHTML, like Gecko) Version/16.3 Safari/605.1.15"
::1 - - [31/Mar/2023:16:42:05 +0000] "POST /api/users/login HTTP/1.1" 200 438 "http://localhost:3000/" "Mozilla/5.0 (Macintosh; Intel Mac OS X 10_15_7) AppleWebKit/605.1.15 (KHTML, like Gecko) Version/16.3 Safari/605.1.15"
::1 - - [31/Mar/2023:16:42:05 +0000] "POST /api/users/login HTTP/1.1" 200 438 "http://localhost:3000/" "Mozilla/5.0 (Macintosh; Intel Mac OS X 10_15_7) AppleWebKit/605.1.15 (KHTML, like Gecko) Version/16.3 Safari/605.1.15"
::1 - - [31/Mar/2023:16:42:06 +0000] "POST /api/users/login HTTP/1.1" 200 438 "http://localhost:3000/" "Mozilla/5.0 (Macintosh; Intel Mac OS X 10_15_7) AppleWebKit/605.1.15 (KHTML, like Gecko) Version/16.3 Safari/605.1.15"
::1 - - [31/Mar/2023:16:42:41 +0000] "POST /api/users/login HTTP/1.1" 200 438 "http://localhost:3000/" "Mozilla/5.0 (Macintosh; Intel Mac OS X 10_15_7) AppleWebKit/605.1.15 (KHTML, like Gecko) Version/16.3 Safari/605.1.15"
::1 - - [31/Mar/2023:16:42:54 +0000] "POST /api/users/login HTTP/1.1" 200 438 "http://localhost:3000/" "Mozilla/5.0 (Macintosh; Intel Mac OS X 10_15_7) AppleWebKit/605.1.15 (KHTML, like Gecko) Version/16.3 Safari/605.1.15"
::1 - - [31/Mar/2023:16:42:54 +0000] "POST /api/users/login HTTP/1.1" 200 438 "http://localhost:3000/" "Mozilla/5.0 (Macintosh; Intel Mac OS X 10_15_7) AppleWebKit/605.1.15 (KHTML, like Gecko) Version/16.3 Safari/605.1.15"
::1 - - [31/Mar/2023:16:45:40 +0000] "POST /api/users/login HTTP/1.1" 200 438 "http://localhost:3000/" "Mozilla/5.0 (Macintosh; Intel Mac OS X 10_15_7) AppleWebKit/605.1.15 (KHTML, like Gecko) Version/16.3 Safari/605.1.15"
::1 - - [31/Mar/2023:16:46:52 +0000] "POST /api/users/register HTTP/1.1" 200 434 "http://localhost:3000/" "Mozilla/5.0 (Macintosh; Intel Mac OS X 10_15_7) AppleWebKit/605.1.15 (KHTML, like Gecko) Version/16.3 Safari/605.1.15"
::1 - - [31/Mar/2023:16:47:11 +0000] "POST /api/users/login HTTP/1.1" 200 434 "http://localhost:3000/" "Mozilla/5.0 (Macintosh; Intel Mac OS X 10_15_7) AppleWebKit/605.1.15 (KHTML, like Gecko) Version/16.3 Safari/605.1.15"
::1 - - [31/Mar/2023:16:47:15 +0000] "POST /api/users/login HTTP/1.1" 401 117 "http://localhost:3000/" "Mozilla/5.0 (Macintosh; Intel Mac OS X 10_15_7) AppleWebKit/605.1.15 (KHTML, like Gecko) Version/16.3 Safari/605.1.15"
::1 - - [31/Mar/2023:16:47:19 +0000] "POST /api/users/login HTTP/1.1" 200 434 "http://localhost:3000/" "Mozilla/5.0 (Macintosh; Intel Mac OS X 10_15_7) AppleWebKit/605.1.15 (KHTML, like Gecko) Version/16.3 Safari/605.1.15"
::1 - - [01/Apr/2023:04:16:06 +0000] "GET /api/users/register HTTP/1.1" 401 252 "-" "Mozilla/5.0 (Macintosh; Intel Mac OS X 10_15_7) AppleWebKit/605.1.15 (KHTML, like Gecko) Version/16.4 Safari/605.1.15"
::1 - - [01/Apr/2023:04:17:31 +0000] "POST /api/users/register HTTP/1.1" 200 434 "-" "PostmanRuntime/7.31.3"
::1 - - [01/Apr/2023:04:18:06 +0000] "POST /api/users/register HTTP/1.1" 500 376 "-" "PostmanRuntime/7.31.3"
::1 - - [01/Apr/2023:05:15:54 +0000] "POST /api/users/register HTTP/1.1" 200 434 "-" "PostmanRuntime/7.31.3"
::1 - - [01/Apr/2023:05:18:13 +0000] "POST /api/users/register HTTP/1.1" 200 443 "http://localhost:3000/" "Mozilla/5.0 (Macintosh; Intel Mac OS X 10_15_7) AppleWebKit/605.1.15 (KHTML, like Gecko) Version/16.4 Safari/605.1.15"
::1 - - [01/Apr/2023:05:29:06 +0000] "POST /api/users/login HTTP/1.1" 401 117 "http://localhost:3000/" "Mozilla/5.0 (Macintosh; Intel Mac OS X 10_15_7) AppleWebKit/605.1.15 (KHTML, like Gecko) Version/16.4 Safari/605.1.15"
::1 - - [01/Apr/2023:05:29:36 +0000] "POST /api/users/login HTTP/1.1" 200 443 "http://localhost:3000/" "Mozilla/5.0 (Macintosh; Intel Mac OS X 10_15_7) AppleWebKit/605.1.15 (KHTML, like Gecko) Version/16.4 Safari/605.1.15"
::1 - - [01/Apr/2023:05:30:22 +0000] "POST /api/users/login HTTP/1.1" 401 117 "http://localhost:3000/" "Mozilla/5.0 (Macintosh; Intel Mac OS X 10_15_7) AppleWebKit/605.1.15 (KHTML, like Gecko) Version/16.4 Safari/605.1.15"
::1 - - [01/Apr/2023:05:32:39 +0000] "POST /api/users/login HTTP/1.1" 401 117 "http://localhost:3000/" "Mozilla/5.0 (Macintosh; Intel Mac OS X 10_15_7) AppleWebKit/605.1.15 (KHTML, like Gecko) Version/16.4 Safari/605.1.15"
::1 - - [01/Apr/2023:05:33:48 +0000] "POST /api/users/login HTTP/1.1" 401 117 "http://localhost:3000/" "Mozilla/5.0 (Macintosh; Intel Mac OS X 10_15_7) AppleWebKit/605.1.15 (KHTML, like Gecko) Version/16.4 Safari/605.1.15"
::1 - - [01/Apr/2023:05:34:39 +0000] "POST /api/users/login HTTP/1.1" 200 443 "http://localhost:3000/" "Mozilla/5.0 (Macintosh; Intel Mac OS X 10_15_7) AppleWebKit/605.1.15 (KHTML, like Gecko) Version/16.4 Safari/605.1.15"
::1 - - [01/Apr/2023:05:34:51 +0000] "POST /api/users/login HTTP/1.1" 401 117 "http://localhost:3000/" "Mozilla/5.0 (Macintosh; Intel Mac OS X 10_15_7) AppleWebKit/605.1.15 (KHTML, like Gecko) Version/16.4 Safari/605.1.15"
::1 - - [01/Apr/2023:05:48:47 +0000] "POST /api/users/login HTTP/1.1" 401 117 "http://localhost:3000/" "Mozilla/5.0 (Macintosh; Intel Mac OS X 10_15_7) AppleWebKit/605.1.15 (KHTML, like Gecko) Version/16.4 Safari/605.1.15"
::1 - - [01/Apr/2023:05:48:48 +0000] "POST /api/users/login HTTP/1.1" 401 117 "http://localhost:3000/" "Mozilla/5.0 (Macintosh; Intel Mac OS X 10_15_7) AppleWebKit/605.1.15 (KHTML, like Gecko) Version/16.4 Safari/605.1.15"
